<?xml version="1.0" encoding="UTF-8"?>
<testng-results skipped="0" failed="0" ignored="0" total="2" passed="2">
  <reporter-output>
  </reporter-output>
  <suite name="Default suite" duration-ms="5070" started-at="2020-09-30T17:17:39Z" finished-at="2020-09-30T17:17:44Z">
    <groups>
    </groups>
    <test name="Default test" duration-ms="5070" started-at="2020-09-30T17:17:39Z" finished-at="2020-09-30T17:17:44Z">
      <class name="com.Test_GET">
        <test-method status="PASS" signature="getTest()[pri:0, instance:com.Test_GET@7823a2f9]" name="getTest" duration-ms="3445" started-at="2020-09-30T17:17:39Z" finished-at="2020-09-30T17:17:42Z">
          <reporter-output>
          </reporter-output>
        </test-method> <!-- getTest -->
        <test-method status="PASS" signature="getTestStaticImport()[pri:0, instance:com.Test_GET@7823a2f9]" name="getTestStaticImport" duration-ms="1604" started-at="2020-09-30T17:17:42Z" finished-at="2020-09-30T17:17:44Z">
          <reporter-output>
          </reporter-output>
        </test-method> <!-- getTestStaticImport -->
      </class> <!-- com.Test_GET -->
    </test> <!-- Default test -->
  </suite> <!-- Default suite -->
</testng-results>
